<?xml version="1.0" encoding="UTF-8"?>
<testsuite xmlns:xsi="http://www.w3.org/2001/XMLSchema-instance" xsi:noNamespaceSchemaLocation="https://maven.apache.org/surefire/maven-surefire-plugin/xsd/surefire-test-report-3.0.xsd" version="3.0" name="com.mkce.springbootbasics.SpringbootbasicsApplicationTests" time="9.823" tests="1" errors="0" skipped="0" failures="0">
  <properties>
[...]
</properties>
  <testcase name="contextLoads" classname="com.mkce.springbootbasics.SpringbootbasicsApplicationTests" time="1.147">
    <system-out><![CDATA[09:33:30.194 [main] INFO org.springframework.test.context.support.AnnotationConfigContextLoaderUtils -- Could not detect default configuration classes for test class [com.mkce.springbootbasics.SpringbootbasicsApplicationTests]: SpringbootbasicsApplicationTests does not declare any static, non-private, non-final, nested classes annotated with @Configuration.
09:33:30.506 [main] INFO org.springframework.boot.test.context.SpringBootTestContextBootstrapper -- Found @SpringBootConfiguration com.mkce.springbootbasics.SpringbootbasicsApplication for test class com.mkce.springbootbasics.SpringbootbasicsApplicationTests

  .   ____          _            __ _ _
 /\\ / ___'_ __ _ _(_)_ __  __ _ \ \ \ \
( ( )\___ | '_ | '_| | '_ \/ _` | \ \ \ \
 \\/  ___)| |_)| | | | | || (_| |  ) ) ) )
  '  |____| .__|_| |_|_| |_\__, | / / / /
 =========|_|==============|___/=/_/_/_/
 :: Spring Boot ::                (v3.2.1)

2024-01-11T09:33:31.378+05:30  INFO 18184 --- [           main] c.m.s.SpringbootbasicsApplicationTests   : Starting SpringbootbasicsApplicationTests using Java 17.0.9 with PID 18184 (started by shash in C:\Users\shash\Downloads\springbootbasics\springbootbasics)
2024-01-11T09:33:31.383+05:30  INFO 18184 --- [           main] c.m.s.SpringbootbasicsApplicationTests   : No active profile set, falling back to 1 default profile: "default"
2024-01-11T09:33:32.679+05:30  INFO 18184 --- [           main] .s.d.r.c.RepositoryConfigurationDelegate : Bootstrapping Spring Data JPA repositories in DEFAULT mode.
2024-01-11T09:33:32.791+05:30  INFO 18184 --- [           main] .s.d.r.c.RepositoryConfigurationDelegate : Finished Spring Data repository scanning in 90 ms. Found 1 JPA repository interface.
2024-01-11T09:33:33.666+05:30  INFO 18184 --- [           main] o.hibernate.jpa.internal.util.LogHelper  : HHH000204: Processing PersistenceUnitInfo [name: default]
2024-01-11T09:33:33.823+05:30  INFO 18184 --- [           main] org.hibernate.Version                    : HHH000412: Hibernate ORM core version 6.4.1.Final
2024-01-11T09:33:33.922+05:30  INFO 18184 --- [           main] o.h.c.internal.RegionFactoryInitiator    : HHH000026: Second-level cache disabled
2024-01-11T09:33:34.475+05:30  INFO 18184 --- [           main] o.s.o.j.p.SpringPersistenceUnitInfo      : No LoadTimeWeaver setup: ignoring JPA class transformer
2024-01-11T09:33:34.548+05:30  INFO 18184 --- [           main] com.zaxxer.hikari.HikariDataSource       : HikariPool-1 - Starting...
2024-01-11T09:33:35.162+05:30  INFO 18184 --- [           main] com.zaxxer.hikari.pool.HikariPool        : HikariPool-1 - Added connection com.mysql.cj.jdbc.ConnectionImpl@24a8e40d
2024-01-11T09:33:35.167+05:30  INFO 18184 --- [           main] com.zaxxer.hikari.HikariDataSource       : HikariPool-1 - Start completed.
2024-01-11T09:33:35.272+05:30  WARN 18184 --- [           main] org.hibernate.orm.deprecation            : HHH90000025: MySQLDialect does not need to be specified explicitly using 'hibernate.dialect' (remove the property setting and it will be selected by default)
2024-01-11T09:33:37.015+05:30  INFO 18184 --- [           main] o.h.e.t.j.p.i.JtaPlatformInitiator       : HHH000489: No JTA platform available (set 'hibernate.transaction.jta.platform' to enable JTA platform integration)
2024-01-11T09:33:37.097+05:30  INFO 18184 --- [           main] j.LocalContainerEntityManagerFactoryBean : Initialized JPA EntityManagerFactory for persistence unit 'default'
2024-01-11T09:33:37.804+05:30  WARN 18184 --- [           main] JpaBaseConfiguration$JpaWebConfiguration : spring.jpa.open-in-view is enabled by default. Therefore, database queries may be performed during view rendering. Explicitly configure spring.jpa.open-in-view to disable this warning
2024-01-11T09:33:38.452+05:30  INFO 18184 --- [           main] c.m.s.SpringbootbasicsApplicationTests   : Started SpringbootbasicsApplicationTests in 7.578 seconds (process running for 10.401)
]]></system-out>
  </testcase>
</testsuite>